{"total": {"lines":{"total":1214,"covered":501,"skipped":0,"pct":41.26},"statements":{"total":1524,"covered":687,"skipped":0,"pct":45.07},"functions":{"total":330,"covered":70,"skipped":0,"pct":21.21},"branches":{"total":282,"covered":48,"skipped":0,"pct":17.02},"branchesTrue":{"total":0,"covered":0,"skipped":0,"pct":100}}
,"C:\\Users\\chris\\OneDrive - Grand Canyon University\\School\\CST-452_Senior Project II\\TaskForce\\TaskforceAPI\\src\\controllers\\aircraft.controller.ts": {"lines":{"total":45,"covered":6,"skipped":0,"pct":13.33},"functions":{"total":10,"covered":0,"skipped":0,"pct":0},"statements":{"total":55,"covered":11,"skipped":0,"pct":20},"branches":{"total":3,"covered":0,"skipped":0,"pct":0}}
,"C:\\Users\\chris\\OneDrive - Grand Canyon University\\School\\CST-452_Senior Project II\\TaskForce\\TaskforceAPI\\src\\controllers\\archiveSchedule.controller.ts": {"lines":{"total":83,"covered":39,"skipped":0,"pct":46.98},"functions":{"total":16,"covered":12,"skipped":0,"pct":75},"statements":{"total":99,"covered":53,"skipped":0,"pct":53.53},"branches":{"total":27,"covered":11,"skipped":0,"pct":40.74}}
,"C:\\Users\\chris\\OneDrive - Grand Canyon University\\School\\CST-452_Senior Project II\\TaskForce\\TaskforceAPI\\src\\controllers\\archives.controller.ts": {"lines":{"total":45,"covered":5,"skipped":0,"pct":11.11},"functions":{"total":8,"covered":0,"skipped":0,"pct":0},"statements":{"total":53,"covered":9,"skipped":0,"pct":16.98},"branches":{"total":8,"covered":0,"skipped":0,"pct":0}}
,"C:\\Users\\chris\\OneDrive - Grand Canyon University\\School\\CST-452_Senior Project II\\TaskForce\\TaskforceAPI\\src\\controllers\\assignments.controller.ts": {"lines":{"total":91,"covered":9,"skipped":0,"pct":9.89},"functions":{"total":18,"covered":0,"skipped":0,"pct":0},"statements":{"total":107,"covered":17,"skipped":0,"pct":15.88},"branches":{"total":16,"covered":0,"skipped":0,"pct":0}}
,"C:\\Users\\chris\\OneDrive - Grand Canyon University\\School\\CST-452_Senior Project II\\TaskForce\\TaskforceAPI\\src\\controllers\\auditLogs.controller.ts": {"lines":{"total":25,"covered":4,"skipped":0,"pct":16},"functions":{"total":6,"covered":0,"skipped":0,"pct":0},"statements":{"total":31,"covered":7,"skipped":0,"pct":22.58},"branches":{"total":8,"covered":0,"skipped":0,"pct":0}}
,"C:\\Users\\chris\\OneDrive - Grand Canyon University\\School\\CST-452_Senior Project II\\TaskForce\\TaskforceAPI\\src\\controllers\\auth.controller.ts": {"lines":{"total":99,"covered":28,"skipped":0,"pct":28.28},"functions":{"total":10,"covered":4,"skipped":0,"pct":40},"statements":{"total":110,"covered":36,"skipped":0,"pct":32.72},"branches":{"total":31,"covered":7,"skipped":0,"pct":22.58}}
,"C:\\Users\\chris\\OneDrive - Grand Canyon University\\School\\CST-452_Senior Project II\\TaskForce\\TaskforceAPI\\src\\controllers\\dashboard.controller.ts": {"lines":{"total":9,"covered":2,"skipped":0,"pct":22.22},"functions":{"total":2,"covered":0,"skipped":0,"pct":0},"statements":{"total":11,"covered":3,"skipped":0,"pct":27.27},"branches":{"total":10,"covered":0,"skipped":0,"pct":0}}
,"C:\\Users\\chris\\OneDrive - Grand Canyon University\\School\\CST-452_Senior Project II\\TaskForce\\TaskforceAPI\\src\\controllers\\personnel.controller.ts": {"lines":{"total":52,"covered":7,"skipped":0,"pct":13.46},"functions":{"total":12,"covered":0,"skipped":0,"pct":0},"statements":{"total":64,"covered":13,"skipped":0,"pct":20.31},"branches":{"total":3,"covered":0,"skipped":0,"pct":0}}
,"C:\\Users\\chris\\OneDrive - Grand Canyon University\\School\\CST-452_Senior Project II\\TaskForce\\TaskforceAPI\\src\\controllers\\tasks.controller.ts": {"lines":{"total":55,"covered":7,"skipped":0,"pct":12.72},"functions":{"total":12,"covered":0,"skipped":0,"pct":0},"statements":{"total":67,"covered":13,"skipped":0,"pct":19.4},"branches":{"total":4,"covered":0,"skipped":0,"pct":0}}
,"C:\\Users\\chris\\OneDrive - Grand Canyon University\\School\\CST-452_Senior Project II\\TaskForce\\TaskforceAPI\\src\\controllers\\training.controller.ts": {"lines":{"total":58,"covered":8,"skipped":0,"pct":13.79},"functions":{"total":14,"covered":0,"skipped":0,"pct":0},"statements":{"total":72,"covered":15,"skipped":0,"pct":20.83},"branches":{"total":3,"covered":0,"skipped":0,"pct":0}}
,"C:\\Users\\chris\\OneDrive - Grand Canyon University\\School\\CST-452_Senior Project II\\TaskForce\\TaskforceAPI\\src\\controllers\\users.controller.ts": {"lines":{"total":120,"covered":9,"skipped":0,"pct":7.5},"functions":{"total":14,"covered":0,"skipped":0,"pct":0},"statements":{"total":134,"covered":16,"skipped":0,"pct":11.94},"branches":{"total":89,"covered":0,"skipped":0,"pct":0}}
,"C:\\Users\\chris\\OneDrive - Grand Canyon University\\School\\CST-452_Senior Project II\\TaskForce\\TaskforceAPI\\src\\dao\\aircraft.dao.ts": {"lines":{"total":12,"covered":7,"skipped":0,"pct":58.33},"functions":{"total":10,"covered":0,"skipped":0,"pct":0},"statements":{"total":22,"covered":12,"skipped":0,"pct":54.54},"branches":{"total":0,"covered":0,"skipped":0,"pct":100}}
,"C:\\Users\\chris\\OneDrive - Grand Canyon University\\School\\CST-452_Senior Project II\\TaskForce\\TaskforceAPI\\src\\dao\\archiveSchedule.dao.ts": {"lines":{"total":32,"covered":25,"skipped":0,"pct":78.12},"functions":{"total":30,"covered":16,"skipped":0,"pct":53.33},"statements":{"total":62,"covered":48,"skipped":0,"pct":77.41},"branches":{"total":4,"covered":0,"skipped":0,"pct":0}}
,"C:\\Users\\chris\\OneDrive - Grand Canyon University\\School\\CST-452_Senior Project II\\TaskForce\\TaskforceAPI\\src\\dao\\archives.dao.ts": {"lines":{"total":19,"covered":9,"skipped":0,"pct":47.36},"functions":{"total":14,"covered":0,"skipped":0,"pct":0},"statements":{"total":33,"covered":16,"skipped":0,"pct":48.48},"branches":{"total":10,"covered":0,"skipped":0,"pct":0}}
,"C:\\Users\\chris\\OneDrive - Grand Canyon University\\School\\CST-452_Senior Project II\\TaskForce\\TaskforceAPI\\src\\dao\\assignments.dao.ts": {"lines":{"total":20,"covered":11,"skipped":0,"pct":55},"functions":{"total":18,"covered":0,"skipped":0,"pct":0},"statements":{"total":38,"covered":20,"skipped":0,"pct":52.63},"branches":{"total":0,"covered":0,"skipped":0,"pct":100}}
,"C:\\Users\\chris\\OneDrive - Grand Canyon University\\School\\CST-452_Senior Project II\\TaskForce\\TaskforceAPI\\src\\dao\\auditLogs.dao.ts": {"lines":{"total":10,"covered":7,"skipped":0,"pct":70},"functions":{"total":8,"covered":2,"skipped":0,"pct":25},"statements":{"total":18,"covered":12,"skipped":0,"pct":66.66},"branches":{"total":6,"covered":2,"skipped":0,"pct":33.33}}
,"C:\\Users\\chris\\OneDrive - Grand Canyon University\\School\\CST-452_Senior Project II\\TaskForce\\TaskforceAPI\\src\\dao\\dashboard.dao.ts": {"lines":{"total":14,"covered":8,"skipped":0,"pct":57.14},"functions":{"total":12,"covered":0,"skipped":0,"pct":0},"statements":{"total":26,"covered":14,"skipped":0,"pct":53.84},"branches":{"total":0,"covered":0,"skipped":0,"pct":100}}
,"C:\\Users\\chris\\OneDrive - Grand Canyon University\\School\\CST-452_Senior Project II\\TaskForce\\TaskforceAPI\\src\\dao\\personnel.dao.ts": {"lines":{"total":14,"covered":8,"skipped":0,"pct":57.14},"functions":{"total":12,"covered":0,"skipped":0,"pct":0},"statements":{"total":26,"covered":14,"skipped":0,"pct":53.84},"branches":{"total":0,"covered":0,"skipped":0,"pct":100}}
,"C:\\Users\\chris\\OneDrive - Grand Canyon University\\School\\CST-452_Senior Project II\\TaskForce\\TaskforceAPI\\src\\dao\\tasks.dao.ts": {"lines":{"total":14,"covered":8,"skipped":0,"pct":57.14},"functions":{"total":12,"covered":0,"skipped":0,"pct":0},"statements":{"total":26,"covered":14,"skipped":0,"pct":53.84},"branches":{"total":0,"covered":0,"skipped":0,"pct":100}}
,"C:\\Users\\chris\\OneDrive - Grand Canyon University\\School\\CST-452_Senior Project II\\TaskForce\\TaskforceAPI\\src\\dao\\training.dao.ts": {"lines":{"total":16,"covered":9,"skipped":0,"pct":56.25},"functions":{"total":14,"covered":0,"skipped":0,"pct":0},"statements":{"total":30,"covered":16,"skipped":0,"pct":53.33},"branches":{"total":8,"covered":0,"skipped":0,"pct":0}}
,"C:\\Users\\chris\\OneDrive - Grand Canyon University\\School\\CST-452_Senior Project II\\TaskForce\\TaskforceAPI\\src\\dao\\users.dao.ts": {"lines":{"total":32,"covered":21,"skipped":0,"pct":65.62},"functions":{"total":30,"covered":8,"skipped":0,"pct":26.66},"statements":{"total":62,"covered":40,"skipped":0,"pct":64.51},"branches":{"total":6,"covered":0,"skipped":0,"pct":0}}
,"C:\\Users\\chris\\OneDrive - Grand Canyon University\\School\\CST-452_Senior Project II\\TaskForce\\TaskforceAPI\\src\\middleware\\auditLog.middleware.ts": {"lines":{"total":11,"covered":10,"skipped":0,"pct":90.9},"functions":{"total":5,"covered":4,"skipped":0,"pct":80},"statements":{"total":13,"covered":12,"skipped":0,"pct":92.3},"branches":{"total":17,"covered":14,"skipped":0,"pct":82.35}}
,"C:\\Users\\chris\\OneDrive - Grand Canyon University\\School\\CST-452_Senior Project II\\TaskForce\\TaskforceAPI\\src\\middleware\\auth.middleware.ts": {"lines":{"total":22,"covered":16,"skipped":0,"pct":72.72},"functions":{"total":3,"covered":3,"skipped":0,"pct":100},"statements":{"total":24,"covered":18,"skipped":0,"pct":75},"branches":{"total":6,"covered":3,"skipped":0,"pct":50}}
,"C:\\Users\\chris\\OneDrive - Grand Canyon University\\School\\CST-452_Senior Project II\\TaskForce\\TaskforceAPI\\src\\middleware\\logger.middleware.ts": {"lines":{"total":18,"covered":3,"skipped":0,"pct":16.66},"functions":{"total":3,"covered":0,"skipped":0,"pct":0},"statements":{"total":18,"covered":3,"skipped":0,"pct":16.66},"branches":{"total":0,"covered":0,"skipped":0,"pct":100}}
,"C:\\Users\\chris\\OneDrive - Grand Canyon University\\School\\CST-452_Senior Project II\\TaskForce\\TaskforceAPI\\src\\middleware\\validation.middleware.ts": {"lines":{"total":12,"covered":12,"skipped":0,"pct":100},"functions":{"total":6,"covered":6,"skipped":0,"pct":100},"statements":{"total":16,"covered":16,"skipped":0,"pct":100},"branches":{"total":3,"covered":2,"skipped":0,"pct":66.66}}
,"C:\\Users\\chris\\OneDrive - Grand Canyon University\\School\\CST-452_Senior Project II\\TaskForce\\TaskforceAPI\\src\\queries\\aircraft.queries.ts": {"lines":{"total":1,"covered":1,"skipped":0,"pct":100},"functions":{"total":0,"covered":0,"skipped":0,"pct":100},"statements":{"total":1,"covered":1,"skipped":0,"pct":100},"branches":{"total":0,"covered":0,"skipped":0,"pct":100}}
,"C:\\Users\\chris\\OneDrive - Grand Canyon University\\School\\CST-452_Senior Project II\\TaskForce\\TaskforceAPI\\src\\queries\\archiveSchedule.queries.ts": {"lines":{"total":1,"covered":1,"skipped":0,"pct":100},"functions":{"total":0,"covered":0,"skipped":0,"pct":100},"statements":{"total":1,"covered":1,"skipped":0,"pct":100},"branches":{"total":0,"covered":0,"skipped":0,"pct":100}}
,"C:\\Users\\chris\\OneDrive - Grand Canyon University\\School\\CST-452_Senior Project II\\TaskForce\\TaskforceAPI\\src\\queries\\archives.queries.ts": {"lines":{"total":1,"covered":1,"skipped":0,"pct":100},"functions":{"total":0,"covered":0,"skipped":0,"pct":100},"statements":{"total":1,"covered":1,"skipped":0,"pct":100},"branches":{"total":0,"covered":0,"skipped":0,"pct":100}}
,"C:\\Users\\chris\\OneDrive - Grand Canyon University\\School\\CST-452_Senior Project II\\TaskForce\\TaskforceAPI\\src\\queries\\assignments.queries.ts": {"lines":{"total":1,"covered":1,"skipped":0,"pct":100},"functions":{"total":0,"covered":0,"skipped":0,"pct":100},"statements":{"total":1,"covered":1,"skipped":0,"pct":100},"branches":{"total":0,"covered":0,"skipped":0,"pct":100}}
,"C:\\Users\\chris\\OneDrive - Grand Canyon University\\School\\CST-452_Senior Project II\\TaskForce\\TaskforceAPI\\src\\queries\\auditLogs.queries.ts": {"lines":{"total":1,"covered":1,"skipped":0,"pct":100},"functions":{"total":0,"covered":0,"skipped":0,"pct":100},"statements":{"total":1,"covered":1,"skipped":0,"pct":100},"branches":{"total":0,"covered":0,"skipped":0,"pct":100}}
,"C:\\Users\\chris\\OneDrive - Grand Canyon University\\School\\CST-452_Senior Project II\\TaskForce\\TaskforceAPI\\src\\queries\\dashboard.queries.ts": {"lines":{"total":1,"covered":1,"skipped":0,"pct":100},"functions":{"total":0,"covered":0,"skipped":0,"pct":100},"statements":{"total":1,"covered":1,"skipped":0,"pct":100},"branches":{"total":0,"covered":0,"skipped":0,"pct":100}}
,"C:\\Users\\chris\\OneDrive - Grand Canyon University\\School\\CST-452_Senior Project II\\TaskForce\\TaskforceAPI\\src\\queries\\personnel.queries.ts": {"lines":{"total":1,"covered":1,"skipped":0,"pct":100},"functions":{"total":0,"covered":0,"skipped":0,"pct":100},"statements":{"total":1,"covered":1,"skipped":0,"pct":100},"branches":{"total":0,"covered":0,"skipped":0,"pct":100}}
,"C:\\Users\\chris\\OneDrive - Grand Canyon University\\School\\CST-452_Senior Project II\\TaskForce\\TaskforceAPI\\src\\queries\\task.queries.ts": {"lines":{"total":1,"covered":1,"skipped":0,"pct":100},"functions":{"total":0,"covered":0,"skipped":0,"pct":100},"statements":{"total":1,"covered":1,"skipped":0,"pct":100},"branches":{"total":0,"covered":0,"skipped":0,"pct":100}}
,"C:\\Users\\chris\\OneDrive - Grand Canyon University\\School\\CST-452_Senior Project II\\TaskForce\\TaskforceAPI\\src\\queries\\training.queries.ts": {"lines":{"total":1,"covered":1,"skipped":0,"pct":100},"functions":{"total":0,"covered":0,"skipped":0,"pct":100},"statements":{"total":1,"covered":1,"skipped":0,"pct":100},"branches":{"total":0,"covered":0,"skipped":0,"pct":100}}
,"C:\\Users\\chris\\OneDrive - Grand Canyon University\\School\\CST-452_Senior Project II\\TaskForce\\TaskforceAPI\\src\\queries\\users.queries.ts": {"lines":{"total":1,"covered":1,"skipped":0,"pct":100},"functions":{"total":0,"covered":0,"skipped":0,"pct":100},"statements":{"total":1,"covered":1,"skipped":0,"pct":100},"branches":{"total":0,"covered":0,"skipped":0,"pct":100}}
,"C:\\Users\\chris\\OneDrive - Grand Canyon University\\School\\CST-452_Senior Project II\\TaskForce\\TaskforceAPI\\src\\routes\\aircraft.routes.ts": {"lines":{"total":11,"covered":11,"skipped":0,"pct":100},"functions":{"total":0,"covered":0,"skipped":0,"pct":100},"statements":{"total":11,"covered":11,"skipped":0,"pct":100},"branches":{"total":0,"covered":0,"skipped":0,"pct":100}}
,"C:\\Users\\chris\\OneDrive - Grand Canyon University\\School\\CST-452_Senior Project II\\TaskForce\\TaskforceAPI\\src\\routes\\archiveSchedule.routes.ts": {"lines":{"total":17,"covered":17,"skipped":0,"pct":100},"functions":{"total":0,"covered":0,"skipped":0,"pct":100},"statements":{"total":17,"covered":17,"skipped":0,"pct":100},"branches":{"total":0,"covered":0,"skipped":0,"pct":100}}
,"C:\\Users\\chris\\OneDrive - Grand Canyon University\\School\\CST-452_Senior Project II\\TaskForce\\TaskforceAPI\\src\\routes\\archives.routes.ts": {"lines":{"total":10,"covered":10,"skipped":0,"pct":100},"functions":{"total":0,"covered":0,"skipped":0,"pct":100},"statements":{"total":10,"covered":10,"skipped":0,"pct":100},"branches":{"total":0,"covered":0,"skipped":0,"pct":100}}
,"C:\\Users\\chris\\OneDrive - Grand Canyon University\\School\\CST-452_Senior Project II\\TaskForce\\TaskforceAPI\\src\\routes\\assignment.routes.ts": {"lines":{"total":14,"covered":14,"skipped":0,"pct":100},"functions":{"total":0,"covered":0,"skipped":0,"pct":100},"statements":{"total":14,"covered":14,"skipped":0,"pct":100},"branches":{"total":0,"covered":0,"skipped":0,"pct":100}}
,"C:\\Users\\chris\\OneDrive - Grand Canyon University\\School\\CST-452_Senior Project II\\TaskForce\\TaskforceAPI\\src\\routes\\auditLogs.routes.ts": {"lines":{"total":9,"covered":9,"skipped":0,"pct":100},"functions":{"total":0,"covered":0,"skipped":0,"pct":100},"statements":{"total":9,"covered":9,"skipped":0,"pct":100},"branches":{"total":0,"covered":0,"skipped":0,"pct":100}}
,"C:\\Users\\chris\\OneDrive - Grand Canyon University\\School\\CST-452_Senior Project II\\TaskForce\\TaskforceAPI\\src\\routes\\auth.routes.ts": {"lines":{"total":11,"covered":11,"skipped":0,"pct":100},"functions":{"total":0,"covered":0,"skipped":0,"pct":100},"statements":{"total":11,"covered":11,"skipped":0,"pct":100},"branches":{"total":0,"covered":0,"skipped":0,"pct":100}}
,"C:\\Users\\chris\\OneDrive - Grand Canyon University\\School\\CST-452_Senior Project II\\TaskForce\\TaskforceAPI\\src\\routes\\dashboard.routes.ts": {"lines":{"total":7,"covered":7,"skipped":0,"pct":100},"functions":{"total":0,"covered":0,"skipped":0,"pct":100},"statements":{"total":7,"covered":7,"skipped":0,"pct":100},"branches":{"total":0,"covered":0,"skipped":0,"pct":100}}
,"C:\\Users\\chris\\OneDrive - Grand Canyon University\\School\\CST-452_Senior Project II\\TaskForce\\TaskforceAPI\\src\\routes\\personnel.routes.ts": {"lines":{"total":12,"covered":12,"skipped":0,"pct":100},"functions":{"total":0,"covered":0,"skipped":0,"pct":100},"statements":{"total":12,"covered":12,"skipped":0,"pct":100},"branches":{"total":0,"covered":0,"skipped":0,"pct":100}}
,"C:\\Users\\chris\\OneDrive - Grand Canyon University\\School\\CST-452_Senior Project II\\TaskForce\\TaskforceAPI\\src\\routes\\tasks.routes.ts": {"lines":{"total":11,"covered":11,"skipped":0,"pct":100},"functions":{"total":0,"covered":0,"skipped":0,"pct":100},"statements":{"total":11,"covered":11,"skipped":0,"pct":100},"branches":{"total":0,"covered":0,"skipped":0,"pct":100}}
,"C:\\Users\\chris\\OneDrive - Grand Canyon University\\School\\CST-452_Senior Project II\\TaskForce\\TaskforceAPI\\src\\routes\\training.routes.ts": {"lines":{"total":13,"covered":13,"skipped":0,"pct":100},"functions":{"total":0,"covered":0,"skipped":0,"pct":100},"statements":{"total":13,"covered":13,"skipped":0,"pct":100},"branches":{"total":0,"covered":0,"skipped":0,"pct":100}}
,"C:\\Users\\chris\\OneDrive - Grand Canyon University\\School\\CST-452_Senior Project II\\TaskForce\\TaskforceAPI\\src\\routes\\users.routes.ts": {"lines":{"total":17,"covered":17,"skipped":0,"pct":100},"functions":{"total":0,"covered":0,"skipped":0,"pct":100},"statements":{"total":17,"covered":17,"skipped":0,"pct":100},"branches":{"total":0,"covered":0,"skipped":0,"pct":100}}
,"C:\\Users\\chris\\OneDrive - Grand Canyon University\\School\\CST-452_Senior Project II\\TaskForce\\TaskforceAPI\\src\\services\\archiveScheduler.service.ts": {"lines":{"total":77,"covered":26,"skipped":0,"pct":33.76},"functions":{"total":17,"covered":4,"skipped":0,"pct":23.52},"statements":{"total":87,"covered":33,"skipped":0,"pct":37.93},"branches":{"total":7,"covered":1,"skipped":0,"pct":14.28}}
,"C:\\Users\\chris\\OneDrive - Grand Canyon University\\School\\CST-452_Senior Project II\\TaskForce\\TaskforceAPI\\src\\services\\mysql.connector.ts": {"lines":{"total":26,"covered":19,"skipped":0,"pct":73.07},"functions":{"total":5,"covered":5,"skipped":0,"pct":100},"statements":{"total":28,"covered":20,"skipped":0,"pct":71.42},"branches":{"total":9,"covered":4,"skipped":0,"pct":44.44}}
,"C:\\Users\\chris\\OneDrive - Grand Canyon University\\School\\CST-452_Senior Project II\\TaskForce\\TaskforceAPI\\src\\utils\\auth.utils.ts": {"lines":{"total":26,"covered":21,"skipped":0,"pct":80.76},"functions":{"total":9,"covered":6,"skipped":0,"pct":66.66},"statements":{"total":35,"covered":29,"skipped":0,"pct":82.85},"branches":{"total":4,"covered":4,"skipped":0,"pct":100}}
,"C:\\Users\\chris\\OneDrive - Grand Canyon University\\School\\CST-452_Senior Project II\\TaskForce\\TaskforceAPI\\src\\validators\\auth.validator.ts": {"lines":{"total":5,"covered":5,"skipped":0,"pct":100},"functions":{"total":0,"covered":0,"skipped":0,"pct":100},"statements":{"total":5,"covered":5,"skipped":0,"pct":100},"branches":{"total":0,"covered":0,"skipped":0,"pct":100}}
,"C:\\Users\\chris\\OneDrive - Grand Canyon University\\School\\CST-452_Senior Project II\\TaskForce\\TaskforceAPI\\src\\validators\\entities.validator.ts": {"lines":{"total":10,"covered":10,"skipped":0,"pct":100},"functions":{"total":0,"covered":0,"skipped":0,"pct":100},"statements":{"total":10,"covered":10,"skipped":0,"pct":100},"branches":{"total":0,"covered":0,"skipped":0,"pct":100}}
}
