TN:
SF:src\controllers\aircraft.controller.ts
FN:7,(anonymous_16)
FN:7,(anonymous_17)
FN:18,(anonymous_18)
FN:18,(anonymous_19)
FN:35,(anonymous_20)
FN:35,(anonymous_21)
FN:47,(anonymous_22)
FN:47,(anonymous_23)
FN:65,(anonymous_24)
FN:65,(anonymous_25)
FNF:10
FNH:0
FNDA:0,(anonymous_16)
FNDA:0,(anonymous_17)
FNDA:0,(anonymous_18)
FNDA:0,(anonymous_19)
FNDA:0,(anonymous_20)
FNDA:0,(anonymous_21)
FNDA:0,(anonymous_22)
FNDA:0,(anonymous_23)
FNDA:0,(anonymous_24)
FNDA:0,(anonymous_25)
DA:2,2
DA:7,2
DA:8,0
DA:9,0
DA:11,0
DA:13,0
DA:14,0
DA:18,2
DA:19,0
DA:20,0
DA:21,0
DA:23,0
DA:24,0
DA:25,0
DA:28,0
DA:30,0
DA:31,0
DA:35,2
DA:36,0
DA:37,0
DA:38,0
DA:40,0
DA:42,0
DA:43,0
DA:47,2
DA:48,0
DA:49,0
DA:50,0
DA:51,0
DA:53,0
DA:54,0
DA:55,0
DA:58,0
DA:60,0
DA:61,0
DA:65,2
DA:66,0
DA:67,0
DA:68,0
DA:70,0
DA:71,0
DA:72,0
DA:75,0
DA:77,0
DA:78,0
LF:45
LH:6
BRDA:23,0,0,0
BRDA:53,1,0,0
BRDA:70,2,0,0
BRF:3
BRH:0
end_of_record
TN:
SF:src\controllers\archiveSchedule.controller.ts
FN:7,(anonymous_16)
FN:7,(anonymous_17)
FN:18,(anonymous_18)
FN:18,(anonymous_19)
FN:36,(anonymous_20)
FN:36,(anonymous_21)
FN:63,(anonymous_22)
FN:63,(anonymous_23)
FN:94,(anonymous_24)
FN:94,(anonymous_25)
FN:112,(anonymous_26)
FN:112,(anonymous_27)
FN:176,(anonymous_28)
FN:176,(anonymous_29)
FN:187,(anonymous_30)
FN:187,(anonymous_31)
FNF:16
FNH:12
FNDA:1,(anonymous_16)
FNDA:1,(anonymous_17)
FNDA:0,(anonymous_18)
FNDA:0,(anonymous_19)
FNDA:1,(anonymous_20)
FNDA:1,(anonymous_21)
FNDA:0,(anonymous_22)
FNDA:0,(anonymous_23)
FNDA:1,(anonymous_24)
FNDA:1,(anonymous_25)
FNDA:1,(anonymous_26)
FNDA:1,(anonymous_27)
FNDA:1,(anonymous_28)
FNDA:1,(anonymous_29)
FNDA:1,(anonymous_30)
FNDA:1,(anonymous_31)
DA:3,2
DA:7,2
DA:8,1
DA:9,1
DA:10,1
DA:12,0
DA:13,0
DA:18,2
DA:19,0
DA:20,0
DA:21,0
DA:23,0
DA:24,0
DA:25,0
DA:28,0
DA:30,0
DA:31,0
DA:36,2
DA:37,1
DA:38,1
DA:40,1
DA:47,1
DA:48,1
DA:50,1
DA:52,1
DA:57,0
DA:58,0
DA:63,2
DA:64,0
DA:65,0
DA:66,0
DA:68,0
DA:74,0
DA:76,0
DA:77,0
DA:78,0
DA:81,0
DA:83,0
DA:88,0
DA:89,0
DA:94,2
DA:95,1
DA:96,1
DA:97,1
DA:99,1
DA:100,0
DA:101,0
DA:104,1
DA:106,0
DA:107,0
DA:112,2
DA:113,1
DA:114,1
DA:116,1
DA:117,0
DA:121,0
DA:125,1
DA:127,1
DA:128,1
DA:134,1
DA:137,0
DA:140,0
DA:142,0
DA:145,0
DA:149,0
DA:157,0
DA:166,0
DA:167,0
DA:176,2
DA:177,1
DA:178,1
DA:179,1
DA:181,0
DA:182,0
DA:187,2
DA:188,1
DA:189,1
DA:192,1
DA:193,0
DA:198,1
DA:201,1
DA:203,0
DA:204,0
LF:83
LH:39
BRDA:23,0,0,0
BRDA:23,1,0,0
BRDA:23,1,1,0
BRDA:43,2,0,1
BRDA:43,2,1,0
BRDA:43,3,0,1
BRDA:43,3,1,1
BRDA:44,4,0,0
BRDA:44,4,1,1
BRDA:44,5,0,1
BRDA:44,5,1,1
BRDA:76,6,0,0
BRDA:99,7,0,0
BRDA:116,8,0,0
BRDA:116,9,0,1
BRDA:116,9,1,1
BRDA:127,10,0,1
BRDA:154,11,0,0
BRDA:154,11,1,0
BRDA:154,12,0,0
BRDA:154,12,1,0
BRDA:170,13,0,0
BRDA:170,13,1,0
BRDA:192,14,0,0
BRDA:192,14,1,1
BRDA:192,15,0,1
BRDA:192,15,1,0
BRF:27
BRH:11
end_of_record
TN:
SF:src\controllers\archives.controller.ts
FN:7,(anonymous_16)
FN:7,(anonymous_17)
FN:18,(anonymous_18)
FN:18,(anonymous_19)
FN:41,(anonymous_20)
FN:41,(anonymous_21)
FN:86,(anonymous_22)
FN:86,(anonymous_23)
FNF:8
FNH:0
FNDA:0,(anonymous_16)
FNDA:0,(anonymous_17)
FNDA:0,(anonymous_18)
FNDA:0,(anonymous_19)
FNDA:0,(anonymous_20)
FNDA:0,(anonymous_21)
FNDA:0,(anonymous_22)
FNDA:0,(anonymous_23)
DA:3,2
DA:7,2
DA:8,0
DA:9,0
DA:10,0
DA:12,0
DA:13,0
DA:18,2
DA:19,0
DA:20,0
DA:21,0
DA:23,0
DA:24,0
DA:25,0
DA:29,0
DA:30,0
DA:33,0
DA:35,0
DA:36,0
DA:41,2
DA:42,0
DA:43,0
DA:44,0
DA:47,0
DA:48,0
DA:49,0
DA:53,0
DA:54,0
DA:55,0
DA:57,0
DA:64,0
DA:72,0
DA:74,0
DA:80,0
DA:81,0
DA:86,2
DA:87,0
DA:88,0
DA:89,0
DA:91,0
DA:92,0
DA:93,0
DA:96,0
DA:98,0
DA:99,0
LF:45
LH:5
BRDA:23,0,0,0
BRDA:29,1,0,0
BRDA:29,2,0,0
BRDA:29,2,1,0
BRDA:44,3,0,0
BRDA:44,3,1,0
BRDA:47,4,0,0
BRDA:91,5,0,0
BRF:8
BRH:0
end_of_record
TN:
SF:src\controllers\assignments.controller.ts
FN:7,(anonymous_16)
FN:7,(anonymous_17)
FN:17,(anonymous_18)
FN:17,(anonymous_19)
FN:38,(anonymous_20)
FN:51,(anonymous_21)
FN:51,(anonymous_22)
FN:81,(anonymous_23)
FN:81,(anonymous_24)
FN:123,(anonymous_25)
FN:123,(anonymous_26)
FN:140,(anonymous_27)
FN:140,(anonymous_28)
FN:152,(anonymous_29)
FN:165,(anonymous_30)
FN:165,(anonymous_31)
FN:177,(anonymous_32)
FN:177,(anonymous_33)
FNF:18
FNH:0
FNDA:0,(anonymous_16)
FNDA:0,(anonymous_17)
FNDA:0,(anonymous_18)
FNDA:0,(anonymous_19)
FNDA:0,(anonymous_20)
FNDA:0,(anonymous_21)
FNDA:0,(anonymous_22)
FNDA:0,(anonymous_23)
FNDA:0,(anonymous_24)
FNDA:0,(anonymous_25)
FNDA:0,(anonymous_26)
FNDA:0,(anonymous_27)
FNDA:0,(anonymous_28)
FNDA:0,(anonymous_29)
FNDA:0,(anonymous_30)
FNDA:0,(anonymous_31)
FNDA:0,(anonymous_32)
FNDA:0,(anonymous_33)
DA:3,2
DA:7,2
DA:8,0
DA:9,0
DA:10,0
DA:12,0
DA:13,0
DA:17,2
DA:18,0
DA:19,0
DA:24,0
DA:26,0
DA:27,0
DA:28,0
DA:32,0
DA:33,0
DA:36,0
DA:38,0
DA:44,0
DA:46,0
DA:47,0
DA:51,2
DA:52,0
DA:53,0
DA:56,0
DA:57,0
DA:58,0
DA:62,0
DA:63,0
DA:64,0
DA:70,0
DA:71,0
DA:74,0
DA:76,0
DA:77,0
DA:81,2
DA:82,0
DA:83,0
DA:84,0
DA:87,0
DA:88,0
DA:89,0
DA:93,0
DA:95,0
DA:96,0
DA:97,0
DA:101,0
DA:104,0
DA:105,0
DA:106,0
DA:112,0
DA:113,0
DA:116,0
DA:118,0
DA:119,0
DA:123,2
DA:124,0
DA:125,0
DA:126,0
DA:128,0
DA:129,0
DA:130,0
DA:133,0
DA:135,0
DA:136,0
DA:140,2
DA:141,0
DA:142,0
DA:143,0
DA:145,0
DA:146,0
DA:147,0
DA:150,0
DA:152,0
DA:158,0
DA:160,0
DA:161,0
DA:165,2
DA:166,0
DA:167,0
DA:168,0
DA:170,0
DA:172,0
DA:173,0
DA:177,2
DA:178,0
DA:179,0
DA:180,0
DA:182,0
DA:187,0
DA:188,0
LF:91
LH:9
BRDA:26,0,0,0
BRDA:56,1,0,0
BRDA:56,2,0,0
BRDA:56,2,1,0
BRDA:56,2,2,0
BRDA:56,2,3,0
BRDA:87,3,0,0
BRDA:87,4,0,0
BRDA:87,4,1,0
BRDA:87,4,2,0
BRDA:87,4,3,0
BRDA:95,5,0,0
BRDA:128,6,0,0
BRDA:145,7,0,0
BRDA:145,8,0,0
BRDA:145,8,1,0
BRF:16
BRH:0
end_of_record
TN:
SF:src\controllers\auditLogs.controller.ts
FN:5,(anonymous_16)
FN:5,(anonymous_17)
FN:18,(anonymous_18)
FN:18,(anonymous_19)
FN:32,(anonymous_20)
FN:32,(anonymous_21)
FNF:6
FNH:0
FNDA:0,(anonymous_16)
FNDA:0,(anonymous_17)
FNDA:0,(anonymous_18)
FNDA:0,(anonymous_19)
FNDA:0,(anonymous_20)
FNDA:0,(anonymous_21)
DA:2,2
DA:5,2
DA:6,0
DA:7,0
DA:8,0
DA:10,0
DA:11,0
DA:13,0
DA:14,0
DA:18,2
DA:19,0
DA:20,0
DA:21,0
DA:22,0
DA:24,0
DA:25,0
DA:27,0
DA:28,0
DA:32,2
DA:33,0
DA:34,0
DA:36,0
DA:37,0
DA:39,0
DA:40,0
LF:25
LH:4
BRDA:7,0,0,0
BRDA:7,0,1,0
BRDA:8,1,0,0
BRDA:8,1,1,0
BRDA:21,2,0,0
BRDA:21,2,1,0
BRDA:22,3,0,0
BRDA:22,3,1,0
BRF:8
BRH:0
end_of_record
TN:
SF:src\controllers\auth.controller.ts
FN:7,(anonymous_17)
FN:7,(anonymous_18)
FN:63,(anonymous_19)
FN:63,(anonymous_20)
FN:112,(anonymous_21)
FN:112,(anonymous_22)
FN:162,(anonymous_23)
FN:162,(anonymous_24)
FN:177,(anonymous_25)
FN:177,(anonymous_26)
FNF:10
FNH:4
FNDA:0,(anonymous_17)
FNDA:0,(anonymous_18)
FNDA:5,(anonymous_19)
FNDA:5,(anonymous_20)
FNDA:0,(anonymous_21)
FNDA:0,(anonymous_22)
FNDA:0,(anonymous_23)
FNDA:0,(anonymous_24)
FNDA:1,(anonymous_25)
FNDA:1,(anonymous_26)
DA:2,2
DA:3,2
DA:7,2
DA:8,0
DA:9,0
DA:12,0
DA:13,0
DA:14,0
DA:18,0
DA:19,0
DA:20,0
DA:21,0
DA:24,0
DA:25,0
DA:26,0
DA:27,0
DA:28,0
DA:33,0
DA:36,0
DA:37,0
DA:38,0
DA:40,0
DA:41,0
DA:42,0
DA:46,0
DA:47,0
DA:50,0
DA:52,0
DA:58,0
DA:59,0
DA:63,5
DA:64,5
DA:65,5
DA:67,5
DA:68,0
DA:69,0
DA:73,5
DA:74,5
DA:75,0
DA:76,0
DA:79,5
DA:82,5
DA:83,5
DA:84,1
DA:85,1
DA:89,4
DA:92,4
DA:95,4
DA:96,4
DA:99,4
DA:101,4
DA:107,0
DA:108,0
DA:112,2
DA:113,0
DA:114,0
DA:116,0
DA:117,0
DA:118,0
DA:122,0
DA:123,0
DA:124,0
DA:125,0
DA:129,0
DA:130,0
DA:131,0
DA:132,0
DA:136,0
DA:137,0
DA:138,0
DA:139,0
DA:142,0
DA:145,0
DA:146,0
DA:149,0
DA:150,0
DA:152,0
DA:157,0
DA:158,0
DA:162,2
DA:163,0
DA:164,0
DA:166,0
DA:167,0
DA:170,0
DA:172,0
DA:173,0
DA:177,2
DA:178,1
DA:179,1
DA:180,0
DA:181,0
DA:184,1
DA:185,1
DA:186,0
DA:187,0
DA:190,1
DA:192,0
DA:193,0
LF:99
LH:28
BRDA:12,0,0,0
BRDA:12,1,0,0
BRDA:12,1,1,0
BRDA:19,2,0,0
BRDA:19,3,0,0
BRDA:19,3,1,0
BRDA:24,4,0,0
BRDA:26,5,0,0
BRDA:26,6,0,0
BRDA:26,6,1,0
BRDA:40,7,0,0
BRDA:67,8,0,0
BRDA:67,9,0,5
BRDA:67,9,1,5
BRDA:74,10,0,0
BRDA:74,11,0,5
BRDA:74,11,1,5
BRDA:83,12,0,1
BRDA:116,13,0,0
BRDA:123,14,0,0
BRDA:130,15,0,0
BRDA:130,16,0,0
BRDA:130,16,1,0
BRDA:137,17,0,0
BRDA:137,18,0,0
BRDA:137,18,1,0
BRDA:166,19,0,0
BRDA:179,20,0,0
BRDA:185,21,0,0
BRDA:185,22,0,1
BRDA:185,22,1,1
BRF:31
BRH:7
end_of_record
TN:
SF:src\controllers\dashboard.controller.ts
FN:5,(anonymous_16)
FN:5,(anonymous_17)
FNF:2
FNH:0
FNDA:0,(anonymous_16)
FNDA:0,(anonymous_17)
DA:2,2
DA:5,2
DA:6,0
DA:15,0
DA:25,0
DA:26,0
DA:30,0
DA:43,0
DA:44,0
LF:9
LH:2
BRDA:25,0,0,0
BRDA:25,0,1,0
BRDA:26,1,0,0
BRDA:26,1,1,0
BRDA:33,2,0,0
BRDA:33,2,1,0
BRDA:33,3,0,0
BRDA:33,3,1,0
BRDA:33,4,0,0
BRDA:33,4,1,0
BRF:10
BRH:0
end_of_record
TN:
SF:src\controllers\personnel.controller.ts
FN:7,(anonymous_16)
FN:7,(anonymous_17)
FN:17,(anonymous_18)
FN:17,(anonymous_19)
FN:28,(anonymous_20)
FN:28,(anonymous_21)
FN:45,(anonymous_22)
FN:45,(anonymous_23)
FN:57,(anonymous_24)
FN:57,(anonymous_25)
FN:75,(anonymous_26)
FN:75,(anonymous_27)
FNF:12
FNH:0
FNDA:0,(anonymous_16)
FNDA:0,(anonymous_17)
FNDA:0,(anonymous_18)
FNDA:0,(anonymous_19)
FNDA:0,(anonymous_20)
FNDA:0,(anonymous_21)
FNDA:0,(anonymous_22)
FNDA:0,(anonymous_23)
FNDA:0,(anonymous_24)
FNDA:0,(anonymous_25)
FNDA:0,(anonymous_26)
FNDA:0,(anonymous_27)
DA:2,2
DA:7,2
DA:8,0
DA:9,0
DA:10,0
DA:12,0
DA:13,0
DA:17,2
DA:18,0
DA:19,0
DA:20,0
DA:21,0
DA:23,0
DA:24,0
DA:28,2
DA:29,0
DA:30,0
DA:31,0
DA:33,0
DA:34,0
DA:35,0
DA:38,0
DA:40,0
DA:41,0
DA:45,2
DA:46,0
DA:47,0
DA:48,0
DA:50,0
DA:52,0
DA:53,0
DA:57,2
DA:58,0
DA:59,0
DA:60,0
DA:61,0
DA:63,0
DA:64,0
DA:65,0
DA:68,0
DA:70,0
DA:71,0
DA:75,2
DA:76,0
DA:77,0
DA:78,0
DA:80,0
DA:81,0
DA:82,0
DA:85,0
DA:87,0
DA:88,0
LF:52
LH:7
BRDA:33,0,0,0
BRDA:63,1,0,0
BRDA:80,2,0,0
BRF:3
BRH:0
end_of_record
TN:
SF:src\controllers\tasks.controller.ts
FN:10,(anonymous_16)
FN:10,(anonymous_17)
FN:20,(anonymous_18)
FN:20,(anonymous_19)
FN:37,(anonymous_20)
FN:37,(anonymous_21)
FN:54,(anonymous_22)
FN:54,(anonymous_23)
FN:66,(anonymous_24)
FN:66,(anonymous_25)
FN:84,(anonymous_26)
FN:84,(anonymous_27)
FNF:12
FNH:0
FNDA:0,(anonymous_16)
FNDA:0,(anonymous_17)
FNDA:0,(anonymous_18)
FNDA:0,(anonymous_19)
FNDA:0,(anonymous_20)
FNDA:0,(anonymous_21)
FNDA:0,(anonymous_22)
FNDA:0,(anonymous_23)
FNDA:0,(anonymous_24)
FNDA:0,(anonymous_25)
FNDA:0,(anonymous_26)
FNDA:0,(anonymous_27)
DA:2,2
DA:10,2
DA:11,0
DA:12,0
DA:13,0
DA:15,0
DA:16,0
DA:20,2
DA:21,0
DA:22,0
DA:23,0
DA:25,0
DA:26,0
DA:27,0
DA:30,0
DA:32,0
DA:33,0
DA:37,2
DA:38,0
DA:39,0
DA:40,0
DA:42,0
DA:43,0
DA:44,0
DA:47,0
DA:49,0
DA:50,0
DA:54,2
DA:55,0
DA:56,0
DA:57,0
DA:59,0
DA:61,0
DA:62,0
DA:66,2
DA:67,0
DA:68,0
DA:69,0
DA:70,0
DA:72,0
DA:73,0
DA:74,0
DA:77,0
DA:79,0
DA:80,0
DA:84,2
DA:85,0
DA:86,0
DA:87,0
DA:89,0
DA:90,0
DA:91,0
DA:94,0
DA:96,0
DA:97,0
LF:55
LH:7
BRDA:25,0,0,0
BRDA:42,1,0,0
BRDA:72,2,0,0
BRDA:89,3,0,0
BRF:4
BRH:0
end_of_record
TN:
SF:src\controllers\training.controller.ts
FN:7,(anonymous_16)
FN:7,(anonymous_17)
FN:18,(anonymous_18)
FN:18,(anonymous_19)
FN:36,(anonymous_20)
FN:36,(anonymous_21)
FN:49,(anonymous_22)
FN:49,(anonymous_23)
FN:62,(anonymous_24)
FN:62,(anonymous_25)
FN:81,(anonymous_26)
FN:81,(anonymous_27)
FN:99,(anonymous_28)
FN:99,(anonymous_29)
FNF:14
FNH:0
FNDA:0,(anonymous_16)
FNDA:0,(anonymous_17)
FNDA:0,(anonymous_18)
FNDA:0,(anonymous_19)
FNDA:0,(anonymous_20)
FNDA:0,(anonymous_21)
FNDA:0,(anonymous_22)
FNDA:0,(anonymous_23)
FNDA:0,(anonymous_24)
FNDA:0,(anonymous_25)
FNDA:0,(anonymous_26)
FNDA:0,(anonymous_27)
FNDA:0,(anonymous_28)
FNDA:0,(anonymous_29)
DA:3,2
DA:7,2
DA:8,0
DA:9,0
DA:10,0
DA:12,0
DA:13,0
DA:18,2
DA:19,0
DA:20,0
DA:21,0
DA:23,0
DA:24,0
DA:25,0
DA:28,0
DA:30,0
DA:31,0
DA:36,2
DA:37,0
DA:38,0
DA:39,0
DA:41,0
DA:43,0
DA:44,0
DA:49,2
DA:50,0
DA:51,0
DA:52,0
DA:54,0
DA:56,0
DA:57,0
DA:62,2
DA:63,0
DA:64,0
DA:65,0
DA:66,0
DA:68,0
DA:69,0
DA:70,0
DA:73,0
DA:75,0
DA:76,0
DA:81,2
DA:82,0
DA:83,0
DA:84,0
DA:86,0
DA:87,0
DA:88,0
DA:91,0
DA:93,0
DA:94,0
DA:99,2
DA:100,0
DA:101,0
DA:102,0
DA:104,0
DA:105,0
LF:58
LH:8
BRDA:23,0,0,0
BRDA:68,1,0,0
BRDA:86,2,0,0
BRF:3
BRH:0
end_of_record
TN:
SF:src\controllers\users.controller.ts
FN:7,(anonymous_16)
FN:7,(anonymous_17)
FN:56,(anonymous_18)
FN:56,(anonymous_19)
FN:66,(anonymous_20)
FN:66,(anonymous_21)
FN:83,(anonymous_22)
FN:83,(anonymous_23)
FN:113,(anonymous_24)
FN:113,(anonymous_25)
FN:160,(anonymous_26)
FN:160,(anonymous_27)
FN:190,(anonymous_28)
FN:190,(anonymous_29)
FNF:14
FNH:0
FNDA:0,(anonymous_16)
FNDA:0,(anonymous_17)
FNDA:0,(anonymous_18)
FNDA:0,(anonymous_19)
FNDA:0,(anonymous_20)
FNDA:0,(anonymous_21)
FNDA:0,(anonymous_22)
FNDA:0,(anonymous_23)
FNDA:0,(anonymous_24)
FNDA:0,(anonymous_25)
FNDA:0,(anonymous_26)
FNDA:0,(anonymous_27)
FNDA:0,(anonymous_28)
FNDA:0,(anonymous_29)
DA:2,2
DA:3,2
DA:7,2
DA:8,0
DA:9,0
DA:12,0
DA:13,0
DA:14,0
DA:18,0
DA:19,0
DA:20,0
DA:21,0
DA:24,0
DA:25,0
DA:26,0
DA:27,0
DA:28,0
DA:33,0
DA:36,0
DA:37,0
DA:38,0
DA:40,0
DA:41,0
DA:42,0
DA:46,0
DA:51,0
DA:52,0
DA:56,2
DA:57,0
DA:58,0
DA:59,0
DA:61,0
DA:62,0
DA:66,2
DA:67,0
DA:68,0
DA:69,0
DA:71,0
DA:72,0
DA:73,0
DA:76,0
DA:78,0
DA:79,0
DA:83,2
DA:84,0
DA:85,0
DA:86,0
DA:89,0
DA:90,0
DA:91,0
DA:95,0
DA:96,0
DA:97,0
DA:98,0
DA:100,0
DA:101,0
DA:102,0
DA:105,0
DA:106,0
DA:108,0
DA:109,0
DA:113,2
DA:114,0
DA:115,0
DA:116,0
DA:119,0
DA:120,0
DA:121,0
DA:124,0
DA:125,0
DA:126,0
DA:130,0
DA:131,0
DA:132,0
DA:133,0
DA:134,0
DA:137,0
DA:138,0
DA:139,0
DA:140,0
DA:141,0
DA:145,0
DA:146,0
DA:148,0
DA:149,0
DA:150,0
DA:153,0
DA:155,0
DA:156,0
DA:160,2
DA:161,0
DA:162,0
DA:163,0
DA:166,0
DA:167,0
DA:168,0
DA:171,0
DA:172,0
DA:173,0
DA:176,0
DA:178,0
DA:179,0
DA:180,0
DA:183,0
DA:185,0
DA:186,0
DA:190,2
DA:191,0
DA:192,0
DA:195,0
DA:196,0
DA:197,0
DA:201,0
DA:204,0
DA:206,0
DA:207,0
DA:208,0
DA:211,0
DA:213,0
DA:214,0
LF:120
LH:9
BRDA:12,0,0,0
BRDA:12,1,0,0
BRDA:12,1,1,0
BRDA:19,2,0,0
BRDA:19,3,0,0
BRDA:19,3,1,0
BRDA:24,4,0,0
BRDA:26,5,0,0
BRDA:26,6,0,0
BRDA:26,6,1,0
BRDA:40,7,0,0
BRDA:71,8,0,0
BRDA:71,9,0,0
BRDA:71,9,1,0
BRDA:89,10,0,0
BRDA:89,11,0,0
BRDA:89,11,1,0
BRDA:89,11,2,0
BRDA:89,12,0,0
BRDA:89,12,1,0
BRDA:89,13,0,0
BRDA:89,13,1,0
BRDA:89,14,0,0
BRDA:89,14,1,0
BRDA:89,15,0,0
BRDA:89,15,1,0
BRDA:89,16,0,0
BRDA:89,16,1,0
BRDA:89,17,0,0
BRDA:89,17,1,0
BRDA:95,18,0,0
BRDA:95,19,0,0
BRDA:95,19,1,0
BRDA:95,19,2,0
BRDA:95,20,0,0
BRDA:95,20,1,0
BRDA:95,21,0,0
BRDA:95,21,1,0
BRDA:95,22,0,0
BRDA:95,22,1,0
BRDA:95,23,0,0
BRDA:95,23,1,0
BRDA:100,24,0,0
BRDA:119,25,0,0
BRDA:119,26,0,0
BRDA:119,26,1,0
BRDA:119,26,2,0
BRDA:119,27,0,0
BRDA:119,27,1,0
BRDA:119,28,0,0
BRDA:119,28,1,0
BRDA:119,29,0,0
BRDA:119,29,1,0
BRDA:119,30,0,0
BRDA:119,30,1,0
BRDA:119,31,0,0
BRDA:119,31,1,0
BRDA:119,32,0,0
BRDA:119,32,1,0
BRDA:124,33,0,0
BRDA:130,34,0,0
BRDA:130,35,0,0
BRDA:130,35,1,0
BRDA:130,36,0,0
BRDA:130,36,1,0
BRDA:130,37,0,0
BRDA:130,37,1,0
BRDA:130,38,0,0
BRDA:130,38,1,0
BRDA:130,39,0,0
BRDA:130,39,1,0
BRDA:132,40,0,0
BRDA:132,41,0,0
BRDA:132,41,1,0
BRDA:139,42,0,0
BRDA:148,43,0,0
BRDA:166,44,0,0
BRDA:166,45,0,0
BRDA:166,45,1,0
BRDA:166,46,0,0
BRDA:166,46,1,0
BRDA:171,47,0,0
BRDA:178,48,0,0
BRDA:195,49,0,0
BRDA:195,50,0,0
BRDA:195,50,1,0
BRDA:195,51,0,0
BRDA:195,51,1,0
BRDA:206,52,0,0
BRF:89
BRH:0
end_of_record
TN:
SF:src\dao\aircraft.dao.ts
FN:6,(anonymous_7)
FN:6,(anonymous_8)
FN:10,(anonymous_9)
FN:10,(anonymous_10)
FN:14,(anonymous_11)
FN:14,(anonymous_12)
FN:20,(anonymous_13)
FN:20,(anonymous_14)
FN:27,(anonymous_15)
FN:27,(anonymous_16)
FNF:10
FNH:0
FNDA:0,(anonymous_7)
FNDA:0,(anonymous_8)
FNDA:0,(anonymous_9)
FNDA:0,(anonymous_10)
FNDA:0,(anonymous_11)
FNDA:0,(anonymous_12)
FNDA:0,(anonymous_13)
FNDA:0,(anonymous_14)
FNDA:0,(anonymous_15)
FNDA:0,(anonymous_16)
DA:2,2
DA:4,2
DA:6,2
DA:7,0
DA:10,2
DA:11,0
DA:14,2
DA:15,0
DA:20,2
DA:21,0
DA:27,2
DA:28,0
LF:12
LH:7
BRF:0
BRH:0
end_of_record
TN:
SF:src\dao\archiveSchedule.dao.ts
FN:7,(anonymous_7)
FN:7,(anonymous_8)
FN:11,(anonymous_9)
FN:11,(anonymous_10)
FN:15,(anonymous_11)
FN:15,(anonymous_12)
FN:19,(anonymous_13)
FN:19,(anonymous_14)
FN:28,(anonymous_15)
FN:28,(anonymous_16)
FN:37,(anonymous_17)
FN:37,(anonymous_18)
FN:42,(anonymous_19)
FN:42,(anonymous_20)
FN:46,(anonymous_21)
FN:46,(anonymous_22)
FN:62,(anonymous_23)
FN:62,(anonymous_24)
FN:66,(anonymous_25)
FN:66,(anonymous_26)
FN:70,(anonymous_27)
FN:70,(anonymous_28)
FN:81,(anonymous_29)
FN:81,(anonymous_30)
FN:85,(anonymous_31)
FN:85,(anonymous_32)
FN:89,(anonymous_33)
FN:89,(anonymous_34)
FN:94,(anonymous_35)
FN:94,(anonymous_36)
FNF:30
FNH:16
FNDA:1,(anonymous_7)
FNDA:1,(anonymous_8)
FNDA:2,(anonymous_9)
FNDA:2,(anonymous_10)
FNDA:1,(anonymous_11)
FNDA:1,(anonymous_12)
FNDA:1,(anonymous_13)
FNDA:1,(anonymous_14)
FNDA:0,(anonymous_15)
FNDA:0,(anonymous_16)
FNDA:1,(anonymous_17)
FNDA:1,(anonymous_18)
FNDA:1,(anonymous_19)
FNDA:1,(anonymous_20)
FNDA:0,(anonymous_21)
FNDA:0,(anonymous_22)
FNDA:0,(anonymous_23)
FNDA:0,(anonymous_24)
FNDA:0,(anonymous_25)
FNDA:0,(anonymous_26)
FNDA:0,(anonymous_27)
FNDA:0,(anonymous_28)
FNDA:1,(anonymous_29)
FNDA:1,(anonymous_30)
FNDA:1,(anonymous_31)
FNDA:1,(anonymous_32)
FNDA:0,(anonymous_33)
FNDA:0,(anonymous_34)
FNDA:0,(anonymous_35)
FNDA:0,(anonymous_36)
DA:2,2
DA:3,2
DA:7,2
DA:8,1
DA:11,2
DA:12,2
DA:15,2
DA:16,1
DA:19,2
DA:20,1
DA:28,2
DA:29,0
DA:37,2
DA:38,1
DA:42,2
DA:43,1
DA:46,2
DA:47,0
DA:62,2
DA:63,0
DA:66,2
DA:67,0
DA:70,2
DA:71,0
DA:81,2
DA:82,1
DA:85,2
DA:86,1
DA:89,2
DA:90,0
DA:94,2
DA:95,0
LF:32
LH:25
BRDA:76,0,0,0
BRDA:76,0,1,0
BRDA:77,1,0,0
BRDA:77,1,1,0
BRF:4
BRH:0
end_of_record
TN:
SF:src\dao\archives.dao.ts
FN:6,(anonymous_7)
FN:6,(anonymous_8)
FN:10,(anonymous_9)
FN:10,(anonymous_10)
FN:14,(anonymous_11)
FN:14,(anonymous_12)
FN:28,(anonymous_13)
FN:28,(anonymous_14)
FN:33,(anonymous_15)
FN:33,(anonymous_16)
FN:37,(anonymous_17)
FN:37,(anonymous_18)
FN:41,(anonymous_19)
FN:41,(anonymous_20)
FNF:14
FNH:0
FNDA:0,(anonymous_7)
FNDA:0,(anonymous_8)
FNDA:0,(anonymous_9)
FNDA:0,(anonymous_10)
FNDA:0,(anonymous_11)
FNDA:0,(anonymous_12)
FNDA:0,(anonymous_13)
FNDA:0,(anonymous_14)
FNDA:0,(anonymous_15)
FNDA:0,(anonymous_16)
FNDA:0,(anonymous_17)
FNDA:0,(anonymous_18)
FNDA:0,(anonymous_19)
FNDA:0,(anonymous_20)
DA:2,2
DA:4,2
DA:6,2
DA:7,0
DA:10,2
DA:11,0
DA:14,2
DA:15,0
DA:16,0
DA:17,0
DA:19,0
DA:28,2
DA:29,0
DA:33,2
DA:34,0
DA:37,2
DA:38,0
DA:41,2
DA:42,0
LF:19
LH:9
BRDA:16,0,0,0
BRDA:16,0,1,0
BRDA:17,1,0,0
BRDA:17,1,1,0
BRDA:22,2,0,0
BRDA:22,2,1,0
BRDA:23,3,0,0
BRDA:23,3,1,0
BRDA:24,4,0,0
BRDA:24,4,1,0
BRF:10
BRH:0
end_of_record
TN:
SF:src\dao\assignments.dao.ts
FN:6,(anonymous_7)
FN:6,(anonymous_8)
FN:10,(anonymous_9)
FN:10,(anonymous_10)
FN:14,(anonymous_11)
FN:14,(anonymous_12)
FN:22,(anonymous_13)
FN:22,(anonymous_14)
FN:31,(anonymous_15)
FN:31,(anonymous_16)
FN:35,(anonymous_17)
FN:35,(anonymous_18)
FN:39,(anonymous_19)
FN:39,(anonymous_20)
FN:43,(anonymous_21)
FN:43,(anonymous_22)
FN:47,(anonymous_23)
FN:47,(anonymous_24)
FNF:18
FNH:0
FNDA:0,(anonymous_7)
FNDA:0,(anonymous_8)
FNDA:0,(anonymous_9)
FNDA:0,(anonymous_10)
FNDA:0,(anonymous_11)
FNDA:0,(anonymous_12)
FNDA:0,(anonymous_13)
FNDA:0,(anonymous_14)
FNDA:0,(anonymous_15)
FNDA:0,(anonymous_16)
FNDA:0,(anonymous_17)
FNDA:0,(anonymous_18)
FNDA:0,(anonymous_19)
FNDA:0,(anonymous_20)
FNDA:0,(anonymous_21)
FNDA:0,(anonymous_22)
FNDA:0,(anonymous_23)
FNDA:0,(anonymous_24)
DA:2,2
DA:4,2
DA:6,2
DA:7,0
DA:10,2
DA:11,0
DA:14,2
DA:15,0
DA:22,2
DA:23,0
DA:31,2
DA:32,0
DA:35,2
DA:36,0
DA:39,2
DA:40,0
DA:43,2
DA:44,0
DA:47,2
DA:48,0
LF:20
LH:11
BRF:0
BRH:0
end_of_record
TN:
SF:src\dao\auditLogs.dao.ts
FN:6,(anonymous_7)
FN:6,(anonymous_8)
FN:17,(anonymous_9)
FN:17,(anonymous_10)
FN:21,(anonymous_11)
FN:21,(anonymous_12)
FN:25,(anonymous_13)
FN:25,(anonymous_14)
FNF:8
FNH:2
FNDA:3,(anonymous_7)
FNDA:3,(anonymous_8)
FNDA:0,(anonymous_9)
FNDA:0,(anonymous_10)
FNDA:0,(anonymous_11)
FNDA:0,(anonymous_12)
FNDA:0,(anonymous_13)
FNDA:0,(anonymous_14)
DA:2,2
DA:4,2
DA:6,3
DA:7,3
DA:17,2
DA:18,0
DA:21,2
DA:22,0
DA:25,2
DA:26,0
LF:10
LH:7
BRDA:12,0,0,2
BRDA:12,0,1,1
BRDA:17,1,0,0
BRDA:17,2,0,0
BRDA:21,3,0,0
BRDA:21,4,0,0
BRF:6
BRH:2
end_of_record
TN:
SF:src\dao\dashboard.dao.ts
FN:4,(anonymous_7)
FN:4,(anonymous_8)
FN:8,(anonymous_9)
FN:8,(anonymous_10)
FN:12,(anonymous_11)
FN:12,(anonymous_12)
FN:16,(anonymous_13)
FN:16,(anonymous_14)
FN:20,(anonymous_15)
FN:20,(anonymous_16)
FN:24,(anonymous_17)
FN:24,(anonymous_18)
FNF:12
FNH:0
FNDA:0,(anonymous_7)
FNDA:0,(anonymous_8)
FNDA:0,(anonymous_9)
FNDA:0,(anonymous_10)
FNDA:0,(anonymous_11)
FNDA:0,(anonymous_12)
FNDA:0,(anonymous_13)
FNDA:0,(anonymous_14)
FNDA:0,(anonymous_15)
FNDA:0,(anonymous_16)
FNDA:0,(anonymous_17)
FNDA:0,(anonymous_18)
DA:1,2
DA:2,2
DA:4,2
DA:5,0
DA:8,2
DA:9,0
DA:12,2
DA:13,0
DA:16,2
DA:17,0
DA:20,2
DA:21,0
DA:24,2
DA:25,0
LF:14
LH:8
BRF:0
BRH:0
end_of_record
TN:
SF:src\dao\personnel.dao.ts
FN:6,(anonymous_7)
FN:6,(anonymous_8)
FN:10,(anonymous_9)
FN:10,(anonymous_10)
FN:14,(anonymous_11)
FN:14,(anonymous_12)
FN:18,(anonymous_13)
FN:18,(anonymous_14)
FN:27,(anonymous_15)
FN:27,(anonymous_16)
FN:37,(anonymous_17)
FN:37,(anonymous_18)
FNF:12
FNH:0
FNDA:0,(anonymous_7)
FNDA:0,(anonymous_8)
FNDA:0,(anonymous_9)
FNDA:0,(anonymous_10)
FNDA:0,(anonymous_11)
FNDA:0,(anonymous_12)
FNDA:0,(anonymous_13)
FNDA:0,(anonymous_14)
FNDA:0,(anonymous_15)
FNDA:0,(anonymous_16)
FNDA:0,(anonymous_17)
FNDA:0,(anonymous_18)
DA:2,2
DA:4,2
DA:6,2
DA:7,0
DA:10,2
DA:11,0
DA:14,2
DA:15,0
DA:18,2
DA:19,0
DA:27,2
DA:28,0
DA:37,2
DA:38,0
LF:14
LH:8
BRF:0
BRH:0
end_of_record
TN:
SF:src\dao\tasks.dao.ts
FN:6,(anonymous_7)
FN:6,(anonymous_8)
FN:10,(anonymous_9)
FN:10,(anonymous_10)
FN:14,(anonymous_11)
FN:14,(anonymous_12)
FN:18,(anonymous_13)
FN:18,(anonymous_14)
FN:28,(anonymous_15)
FN:28,(anonymous_16)
FN:39,(anonymous_17)
FN:39,(anonymous_18)
FNF:12
FNH:0
FNDA:0,(anonymous_7)
FNDA:0,(anonymous_8)
FNDA:0,(anonymous_9)
FNDA:0,(anonymous_10)
FNDA:0,(anonymous_11)
FNDA:0,(anonymous_12)
FNDA:0,(anonymous_13)
FNDA:0,(anonymous_14)
FNDA:0,(anonymous_15)
FNDA:0,(anonymous_16)
FNDA:0,(anonymous_17)
FNDA:0,(anonymous_18)
DA:2,2
DA:3,2
DA:6,2
DA:7,0
DA:10,2
DA:11,0
DA:14,2
DA:15,0
DA:18,2
DA:19,0
DA:28,2
DA:29,0
DA:39,2
DA:40,0
LF:14
LH:8
BRF:0
BRH:0
end_of_record
TN:
SF:src\dao\training.dao.ts
FN:6,(anonymous_7)
FN:6,(anonymous_8)
FN:10,(anonymous_9)
FN:10,(anonymous_10)
FN:14,(anonymous_11)
FN:14,(anonymous_12)
FN:18,(anonymous_13)
FN:18,(anonymous_14)
FN:27,(anonymous_15)
FN:27,(anonymous_16)
FN:37,(anonymous_17)
FN:37,(anonymous_18)
FN:41,(anonymous_19)
FN:41,(anonymous_20)
FNF:14
FNH:0
FNDA:0,(anonymous_7)
FNDA:0,(anonymous_8)
FNDA:0,(anonymous_9)
FNDA:0,(anonymous_10)
FNDA:0,(anonymous_11)
FNDA:0,(anonymous_12)
FNDA:0,(anonymous_13)
FNDA:0,(anonymous_14)
FNDA:0,(anonymous_15)
FNDA:0,(anonymous_16)
FNDA:0,(anonymous_17)
FNDA:0,(anonymous_18)
FNDA:0,(anonymous_19)
FNDA:0,(anonymous_20)
DA:2,2
DA:4,2
DA:6,2
DA:7,0
DA:10,2
DA:11,0
DA:14,2
DA:15,0
DA:18,2
DA:19,0
DA:27,2
DA:28,0
DA:37,2
DA:38,0
DA:41,2
DA:42,0
LF:16
LH:9
BRDA:22,0,0,0
BRDA:22,0,1,0
BRDA:23,1,0,0
BRDA:23,1,1,0
BRDA:31,2,0,0
BRDA:31,2,1,0
BRDA:32,3,0,0
BRDA:32,3,1,0
BRF:8
BRH:0
end_of_record
TN:
SF:src\dao\users.dao.ts
FN:6,(anonymous_7)
FN:6,(anonymous_8)
FN:10,(anonymous_9)
FN:10,(anonymous_10)
FN:14,(anonymous_11)
FN:14,(anonymous_12)
FN:18,(anonymous_13)
FN:18,(anonymous_14)
FN:22,(anonymous_15)
FN:22,(anonymous_16)
FN:32,(anonymous_17)
FN:32,(anonymous_18)
FN:36,(anonymous_19)
FN:36,(anonymous_20)
FN:40,(anonymous_21)
FN:40,(anonymous_22)
FN:44,(anonymous_23)
FN:44,(anonymous_24)
FN:48,(anonymous_25)
FN:48,(anonymous_26)
FN:52,(anonymous_27)
FN:52,(anonymous_28)
FN:57,(anonymous_29)
FN:57,(anonymous_30)
FN:61,(anonymous_31)
FN:61,(anonymous_32)
FN:65,(anonymous_33)
FN:65,(anonymous_34)
FN:69,(anonymous_35)
FN:69,(anonymous_36)
FNF:30
FNH:8
FNDA:0,(anonymous_7)
FNDA:0,(anonymous_8)
FNDA:1,(anonymous_9)
FNDA:1,(anonymous_10)
FNDA:5,(anonymous_11)
FNDA:5,(anonymous_12)
FNDA:0,(anonymous_13)
FNDA:0,(anonymous_14)
FNDA:0,(anonymous_15)
FNDA:0,(anonymous_16)
FNDA:0,(anonymous_17)
FNDA:0,(anonymous_18)
FNDA:4,(anonymous_19)
FNDA:4,(anonymous_20)
FNDA:0,(anonymous_21)
FNDA:0,(anonymous_22)
FNDA:0,(anonymous_23)
FNDA:0,(anonymous_24)
FNDA:0,(anonymous_25)
FNDA:0,(anonymous_26)
FNDA:0,(anonymous_27)
FNDA:0,(anonymous_28)
FNDA:4,(anonymous_29)
FNDA:4,(anonymous_30)
FNDA:0,(anonymous_31)
FNDA:0,(anonymous_32)
FNDA:0,(anonymous_33)
FNDA:0,(anonymous_34)
FNDA:0,(anonymous_35)
FNDA:0,(anonymous_36)
DA:2,2
DA:4,2
DA:6,2
DA:7,0
DA:10,2
DA:11,1
DA:14,5
DA:15,5
DA:18,2
DA:19,0
DA:22,2
DA:23,0
DA:32,2
DA:33,0
DA:36,4
DA:37,4
DA:40,2
DA:41,0
DA:44,2
DA:45,0
DA:48,2
DA:49,0
DA:52,2
DA:53,0
DA:57,4
DA:58,4
DA:61,2
DA:62,0
DA:65,2
DA:66,0
DA:69,2
DA:70,0
LF:32
LH:21
BRDA:26,0,0,0
BRDA:26,0,1,0
BRDA:27,1,0,0
BRDA:27,1,1,0
BRDA:28,2,0,0
BRDA:28,2,1,0
BRF:6
BRH:0
end_of_record
TN:
SF:src\middleware\auditLog.middleware.ts
FN:5,(anonymous_16)
FN:6,(anonymous_17)
FN:6,(anonymous_18)
FN:9,(anonymous_19)
FN:21,(anonymous_20)
FNF:5
FNH:4
FNDA:16,(anonymous_16)
FNDA:3,(anonymous_17)
FNDA:3,(anonymous_18)
FNDA:3,(anonymous_19)
FNDA:0,(anonymous_20)
DA:3,2
DA:5,2
DA:6,16
DA:7,3
DA:9,3
DA:11,3
DA:12,3
DA:14,3
DA:21,0
DA:24,3
DA:27,3
LF:11
LH:10
BRDA:11,0,0,3
BRDA:11,1,0,3
BRDA:11,1,1,3
BRDA:12,2,0,1
BRDA:12,2,1,2
BRDA:12,3,0,2
BRDA:12,3,1,2
BRDA:12,4,0,0
BRDA:12,4,1,2
BRDA:12,5,0,2
BRDA:12,5,1,2
BRDA:15,6,0,3
BRDA:15,6,1,0
BRDA:15,7,0,0
BRDA:15,7,1,3
BRDA:15,8,0,3
BRDA:15,8,1,3
BRF:17
BRH:14
end_of_record
TN:
SF:src\middleware\auth.middleware.ts
FN:13,(anonymous_0)
FN:33,(anonymous_1)
FN:34,(anonymous_2)
FNF:3
FNH:3
FNDA:12,(anonymous_0)
FNDA:22,(anonymous_1)
FNDA:7,(anonymous_2)
DA:2,2
DA:13,2
DA:14,12
DA:16,12
DA:17,3
DA:18,3
DA:21,9
DA:22,9
DA:24,9
DA:25,0
DA:26,0
DA:29,9
DA:30,9
DA:33,2
DA:34,22
DA:35,7
DA:36,0
DA:37,0
DA:40,7
DA:41,0
DA:42,0
DA:45,7
LF:22
LH:16
BRDA:16,0,0,3
BRDA:16,1,0,12
BRDA:16,1,1,9
BRDA:24,2,0,0
BRDA:35,3,0,0
BRDA:40,4,0,0
BRF:6
BRH:3
end_of_record
TN:
SF:src\middleware\logger.middleware.ts
FN:4,(anonymous_0)
FN:17,logger
FN:38,(anonymous_2)
FNF:3
FNH:0
FNDA:0,(anonymous_0)
FNDA:0,logger
FNDA:0,(anonymous_2)
DA:2,2
DA:4,2
DA:5,0
DA:17,2
DA:19,0
DA:22,0
DA:23,0
DA:26,0
DA:29,0
DA:30,0
DA:31,0
DA:32,0
DA:35,0
DA:38,0
DA:40,0
DA:41,0
DA:42,0
DA:46,0
LF:18
LH:3
BRF:0
BRH:0
end_of_record
TN:
SF:src\middleware\validation.middleware.ts
FN:7,(anonymous_7)
FN:13,(anonymous_8)
FN:27,(anonymous_9)
FN:28,(anonymous_10)
FN:28,(anonymous_11)
FN:30,(anonymous_12)
FNF:6
FNH:6
FNDA:11,(anonymous_7)
FNDA:7,(anonymous_8)
FNDA:70,(anonymous_9)
FNDA:11,(anonymous_10)
FNDA:11,(anonymous_11)
FNDA:21,(anonymous_12)
DA:2,2
DA:7,2
DA:8,11
DA:10,11
DA:11,3
DA:13,7
DA:18,3
DA:21,8
DA:27,2
DA:28,70
DA:30,21
DA:33,11
LF:12
LH:12
BRDA:10,0,0,3
BRDA:14,1,0,7
BRDA:14,1,1,0
BRF:3
BRH:2
end_of_record
TN:
SF:src\queries\aircraft.queries.ts
FNF:0
FNH:0
DA:1,2
LF:1
LH:1
BRF:0
BRH:0
end_of_record
TN:
SF:src\queries\archiveSchedule.queries.ts
FNF:0
FNH:0
DA:3,2
LF:1
LH:1
BRF:0
BRH:0
end_of_record
TN:
SF:src\queries\archives.queries.ts
FNF:0
FNH:0
DA:2,2
LF:1
LH:1
BRF:0
BRH:0
end_of_record
TN:
SF:src\queries\assignments.queries.ts
FNF:0
FNH:0
DA:3,2
LF:1
LH:1
BRF:0
BRH:0
end_of_record
TN:
SF:src\queries\auditLogs.queries.ts
FNF:0
FNH:0
DA:1,2
LF:1
LH:1
BRF:0
BRH:0
end_of_record
TN:
SF:src\queries\dashboard.queries.ts
FNF:0
FNH:0
DA:1,2
LF:1
LH:1
BRF:0
BRH:0
end_of_record
TN:
SF:src\queries\personnel.queries.ts
FNF:0
FNH:0
DA:2,2
LF:1
LH:1
BRF:0
BRH:0
end_of_record
TN:
SF:src\queries\task.queries.ts
FNF:0
FNH:0
DA:1,2
LF:1
LH:1
BRF:0
BRH:0
end_of_record
TN:
SF:src\queries\training.queries.ts
FNF:0
FNH:0
DA:2,2
LF:1
LH:1
BRF:0
BRH:0
end_of_record
TN:
SF:src\queries\users.queries.ts
FNF:0
FNH:0
DA:1,2
LF:1
LH:1
BRF:0
BRH:0
end_of_record
TN:
SF:src\routes\aircraft.routes.ts
FNF:0
FNH:0
DA:1,2
DA:2,2
DA:3,2
DA:4,2
DA:6,2
DA:7,2
DA:8,2
DA:9,2
DA:10,2
DA:11,2
DA:12,2
LF:11
LH:11
BRF:0
BRH:0
end_of_record
TN:
SF:src\routes\archiveSchedule.routes.ts
FNF:0
FNH:0
DA:1,2
DA:2,2
DA:3,2
DA:4,2
DA:5,2
DA:6,2
DA:8,2
DA:11,2
DA:14,2
DA:15,2
DA:16,2
DA:17,2
DA:18,2
DA:21,2
DA:24,2
DA:27,2
DA:29,2
LF:17
LH:17
BRF:0
BRH:0
end_of_record
TN:
SF:src\routes\archives.routes.ts
FNF:0
FNH:0
DA:1,2
DA:2,2
DA:3,2
DA:4,2
DA:6,2
DA:8,2
DA:9,2
DA:10,2
DA:11,2
DA:13,2
LF:10
LH:10
BRF:0
BRH:0
end_of_record
TN:
SF:src\routes\assignment.routes.ts
FNF:0
FNH:0
DA:1,2
DA:2,2
DA:3,2
DA:4,2
DA:6,2
DA:7,2
DA:8,2
DA:9,2
DA:10,2
DA:11,2
DA:12,2
DA:13,2
DA:14,2
DA:15,2
LF:14
LH:14
BRF:0
BRH:0
end_of_record
TN:
SF:src\routes\auditLogs.routes.ts
FNF:0
FNH:0
DA:1,2
DA:2,2
DA:3,2
DA:5,2
DA:8,2
DA:10,2
DA:11,2
DA:12,2
DA:14,2
LF:9
LH:9
BRF:0
BRH:0
end_of_record
TN:
SF:src\routes\auth.routes.ts
FNF:0
FNH:0
DA:1,2
DA:2,2
DA:3,2
DA:4,2
DA:5,2
DA:7,2
DA:10,2
DA:11,2
DA:14,2
DA:15,2
DA:17,2
LF:11
LH:11
BRF:0
BRH:0
end_of_record
TN:
SF:src\routes\dashboard.routes.ts
FNF:0
FNH:0
DA:1,2
DA:2,2
DA:3,2
DA:5,2
DA:8,2
DA:11,2
DA:13,2
LF:7
LH:7
BRF:0
BRH:0
end_of_record
TN:
SF:src\routes\personnel.routes.ts
FNF:0
FNH:0
DA:1,2
DA:2,2
DA:3,2
DA:4,2
DA:6,2
DA:7,2
DA:8,2
DA:9,2
DA:10,2
DA:11,2
DA:12,2
DA:13,2
LF:12
LH:12
BRF:0
BRH:0
end_of_record
TN:
SF:src\routes\tasks.routes.ts
FNF:0
FNH:0
DA:1,2
DA:2,2
DA:3,2
DA:4,2
DA:6,2
DA:7,2
DA:8,2
DA:9,2
DA:10,2
DA:11,2
DA:13,2
LF:11
LH:11
BRF:0
BRH:0
end_of_record
TN:
SF:src\routes\training.routes.ts
FNF:0
FNH:0
DA:1,2
DA:2,2
DA:3,2
DA:4,2
DA:6,2
DA:8,2
DA:9,2
DA:10,2
DA:11,2
DA:12,2
DA:13,2
DA:14,2
DA:16,2
LF:13
LH:13
BRF:0
BRH:0
end_of_record
TN:
SF:src\routes\users.routes.ts
FNF:0
FNH:0
DA:1,2
DA:2,2
DA:3,2
DA:4,2
DA:5,2
DA:6,2
DA:7,2
DA:9,2
DA:12,2
DA:15,2
DA:18,2
DA:21,2
DA:24,2
DA:27,2
DA:30,2
DA:33,2
DA:35,2
LF:17
LH:17
BRF:0
BRH:0
end_of_record
TN:
SF:src\services\archiveScheduler.service.ts
FN:10,(anonymous_17)
FN:18,(anonymous_18)
FN:18,(anonymous_19)
FN:61,(anonymous_20)
FN:61,(anonymous_21)
FN:83,(anonymous_22)
FN:85,(anonymous_23)
FN:97,(anonymous_24)
FN:97,(anonymous_25)
FN:131,(anonymous_26)
FN:146,(anonymous_27)
FN:162,(anonymous_28)
FN:174,(anonymous_29)
FN:175,(anonymous_30)
FN:185,(anonymous_31)
FN:185,(anonymous_32)
FN:193,(anonymous_33)
FNF:17
FNH:4
FNDA:0,(anonymous_17)
FNDA:0,(anonymous_18)
FNDA:0,(anonymous_19)
FNDA:0,(anonymous_20)
FNDA:0,(anonymous_21)
FNDA:2,(anonymous_22)
FNDA:0,(anonymous_23)
FNDA:2,(anonymous_24)
FNDA:2,(anonymous_25)
FNDA:0,(anonymous_26)
FNDA:0,(anonymous_27)
FNDA:0,(anonymous_28)
FNDA:2,(anonymous_29)
FNDA:0,(anonymous_30)
FNDA:0,(anonymous_31)
FNDA:0,(anonymous_32)
FNDA:0,(anonymous_33)
DA:1,2
DA:2,2
DA:4,2
DA:10,2
DA:11,0
DA:12,0
DA:18,2
DA:19,0
DA:20,0
DA:23,0
DA:25,0
DA:27,0
DA:28,0
DA:29,0
DA:32,0
DA:35,0
DA:37,0
DA:40,0
DA:44,0
DA:52,0
DA:54,0
DA:61,2
DA:62,0
DA:63,0
DA:66,0
DA:67,0
DA:69,0
DA:72,0
DA:74,0
DA:76,0
DA:83,2
DA:85,2
DA:86,0
DA:89,2
DA:91,2
DA:97,2
DA:98,2
DA:99,2
DA:102,2
DA:105,2
DA:108,2
DA:110,2
DA:111,2
DA:112,2
DA:116,0
DA:117,0
DA:118,0
DA:122,0
DA:124,0
DA:131,2
DA:132,0
DA:134,0
DA:137,0
DA:140,0
DA:141,0
DA:142,0
DA:146,0
DA:147,0
DA:151,0
DA:153,0
DA:155,0
DA:162,2
DA:163,0
DA:164,0
DA:165,0
DA:166,0
DA:167,0
DA:174,2
DA:175,2
DA:176,0
DA:177,0
DA:179,2
DA:185,2
DA:186,0
DA:187,0
DA:193,2
DA:194,0
LF:77
LH:26
BRDA:27,0,0,0
BRDA:74,1,0,0
BRDA:74,1,1,0
BRDA:110,2,0,2
BRDA:117,3,0,0
BRDA:140,4,0,0
BRDA:164,5,0,0
BRF:7
BRH:1
end_of_record
TN:
SF:src\services\mysql.connector.ts
FN:4,(anonymous_0)
FN:21,(anonymous_1)
FN:37,(anonymous_2)
FN:43,(anonymous_3)
FN:44,(anonymous_4)
FNF:5
FNH:5
FNDA:2,(anonymous_0)
FNDA:2,(anonymous_1)
FNDA:26,(anonymous_2)
FNDA:26,(anonymous_3)
FNDA:26,(anonymous_4)
DA:1,2
DA:2,2
DA:4,2
DA:5,2
DA:7,2
DA:18,2
DA:19,2
DA:21,2
DA:22,2
DA:23,0
DA:24,0
DA:27,2
DA:28,2
DA:32,0
DA:33,0
DA:37,2
DA:38,26
DA:39,26
DA:40,0
DA:43,26
DA:44,26
DA:45,26
DA:46,26
DA:51,0
DA:52,0
DA:56,2
LF:26
LH:19
BRDA:9,0,0,2
BRDA:9,0,1,0
BRDA:11,1,0,2
BRDA:11,1,1,0
BRDA:22,2,0,0
BRDA:22,2,1,2
BRDA:39,3,0,0
BRDA:45,4,0,0
BRDA:45,4,1,26
BRF:9
BRH:4
end_of_record
TN:
SF:src\utils\auth.utils.ts
FN:10,(anonymous_8)
FN:10,(anonymous_9)
FN:14,(anonymous_10)
FN:14,(anonymous_11)
FN:18,(anonymous_12)
FN:31,(anonymous_13)
FN:39,(anonymous_14)
FN:47,(anonymous_15)
FN:55,(anonymous_16)
FNF:9
FNH:6
FNDA:0,(anonymous_8)
FNDA:0,(anonymous_9)
FNDA:5,(anonymous_10)
FNDA:5,(anonymous_11)
FNDA:4,(anonymous_12)
FNDA:4,(anonymous_13)
FNDA:9,(anonymous_14)
FNDA:0,(anonymous_15)
FNDA:4,(anonymous_16)
DA:1,2
DA:2,2
DA:5,2
DA:6,2
DA:7,2
DA:8,2
DA:10,2
DA:11,0
DA:14,5
DA:15,5
DA:18,2
DA:19,4
DA:31,2
DA:32,4
DA:39,2
DA:40,9
DA:41,9
DA:43,0
DA:47,2
DA:48,0
DA:49,0
DA:51,0
DA:55,2
DA:56,4
DA:57,4
DA:58,4
LF:26
LH:21
BRDA:5,0,0,2
BRDA:5,0,1,2
BRDA:6,1,0,2
BRDA:6,1,1,2
BRF:4
BRH:4
end_of_record
TN:
SF:src\validators\auth.validator.ts
FNF:0
FNH:0
DA:1,2
DA:6,2
DA:21,2
DA:53,2
DA:67,2
LF:5
LH:5
BRF:0
BRH:0
end_of_record
TN:
SF:src\validators\entities.validator.ts
FNF:0
FNH:0
DA:1,2
DA:6,2
DA:17,2
DA:43,2
DA:70,2
DA:92,2
DA:115,2
DA:133,2
DA:151,2
DA:160,2
LF:10
LH:10
BRF:0
BRH:0
end_of_record
